==================================================================
= Multi Theft Auto: San Andreas v1.6
==================================================================
= Server name      : AMB Vietnamese Roleplay [MTA]
= Server IP address: auto
= Server port      : 22003
= 
= Log file         : ..-MTA/server/mods/deathmatch/logs/server.log
= Maximum players  : 32
= HTTP port        : 22005
= Voice Chat       : Disabled
= Bandwidth saving : Medium
==================================================================
[2025-08-30 06:11:48] Resource 'runcode' requests some acl rights. Use the command 'aclrequest list runcode'
[2025-08-30 06:11:48] Resources: 19 loaded, 0 failed
[2025-08-30 06:11:48] Starting resources...
[2025-08-30 06:11:48] Server minclientversion is now 1.6.0-9.23324.0
[2025-08-30 06:11:48] INFO: === AMB ROLEPLAY SERVER v1.1.2-production ===
[2025-08-30 06:11:48] INFO: 🎮 Complete SA-MP to MTA migration (1,182 commands)
[2025-08-30 06:11:48] INFO: ✨ Enhanced with modern client-side features:
[2025-08-30 06:11:48] INFO:    📊 Enhanced Scoreboard (TAB)
[2025-08-30 06:11:48] INFO:    🚗 Professional Speedometer & Fuel System
[2025-08-30 06:11:48] INFO:    🎤 Voice Chat System (Local/Global)
[2025-08-30 06:11:48] INFO:    🗺️ GPS Navigation (50+ locations)
[2025-08-30 06:11:48] INFO: 🏁 Production-ready for Vietnamese Roleplay
[2025-08-30 06:11:48] INFO: ==============================================
[2025-08-30 06:11:48] INFO: AMB MTA:SA v1.1.2-production started - 1182 commands ready
[2025-08-30 06:11:48] INFO: 🔧 Functions loaded
[2025-08-30 06:11:48] INFO: 📝 Defines loaded
[2025-08-30 06:11:48] INFO: [MODELS] MTA Auto Model Loading System loaded
[2025-08-30 06:11:48] INFO: [AMB] Admin Commands loaded successfully!
[2025-08-30 06:11:48] INFO: [ADMIN] Vehicle admin commands loaded (/veh, /deleteveh, /listveh, /deleteallveh)
[2025-08-30 06:11:48] [ADMIN] Admin Commands System loaded successfully!
[2025-08-30 06:11:48] INFO: [AMB] Police System loaded successfully!
[2025-08-30 06:11:48] INFO: [AMB] Family System loaded successfully!
[2025-08-30 06:11:48] INFO: [AMB] Jobs System loaded successfully!
[2025-08-30 06:11:48] INFO: Crate System loaded: crates, destroycrate, adestroycrate, gotocrate, cargo, delivercrate, loadcrate, unloadcrate
[2025-08-30 06:11:48] INFO: Events System loaded: zombie, chance gambler, health/armor commands
[2025-08-30 06:11:48] INFO: Property System loaded: house buying, rentals, businesses, mail system
[2025-08-30 06:11:48] INFO: Activities System loaded: swimming, boxing, parkour, flying, duties, games, vehicle search
[2025-08-30 06:11:48] INFO: Loading Arena & Turf System...
[2025-08-30 06:11:48] INFO: Arena System loaded: joinarena, leavearena, createarena, startarena, arena, turf, startturf, turfinfo
[2025-08-30 06:11:48] INFO: Turf System loaded: turf wars, gang zones, territory control
[2025-08-30 06:11:48] INFO: Communication & Phone System loaded: calls, SMS, contacts, privacy, plans, 911
[2025-08-30 06:11:48] INFO: Admin & Moderation System loaded: suspend, ban, fine, weapons, vehicles, health, announcements
[2025-08-30 06:11:48] INFO: VIP & Gift System loaded: VIP levels, gift boxes, shop orders, gift codes, VIP chat
[2025-08-30 06:11:48] INFO: Banking & Business System loaded: ATM, accounts, transfers, businesses, tokens, interest
[2025-08-30 06:11:48] INFO: Shop & Services System loaded: clothing, toys, rentals, healthcare, credits, music, help
[2025-08-30 06:11:48] INFO: Help & Documentation System loaded: complete help for all 1,182 migrated commands
[2025-08-30 06:11:48] INFO: [VOICE] Voice chat server support loaded
[2025-08-30 06:11:48] INFO: [CHAT] Chat control system loaded - blocking chat for non-logged players
[2025-08-30 06:11:48] INFO: [GPS] GPS server support loaded with 21 default locations
[2025-08-30 06:11:48] INFO: [VEHICLE] Vehicle system loaded with fuel management
[2025-08-30 06:11:48] AMB MTA:SA v1.0.0-production started - 1182 commands ready
[2025-08-30 06:11:48] INFO: [AMB] Debug mode enabled
[2025-08-30 06:11:48] INFO: [AMB] Loading custom models...
[2025-08-30 06:11:48] INFO: [DATABASE] Initializing connection...
[2025-08-30 06:11:48] INFO: [DATABASE] ✅ Connected to amb@localhost
[2025-08-30 06:11:48] INFO: Created police team: LSPD
[2025-08-30 06:11:48] INFO: Created police team: SFPD
[2025-08-30 06:11:48] INFO: Created police team: LVPD
[2025-08-30 06:11:48] INFO: Created family team: Aztecas
[2025-08-30 06:11:48] INFO: Created family team: Vagos
[2025-08-30 06:11:48] INFO: Created family team: Grove Street
[2025-08-30 06:11:48] INFO: Created family team: Ballas
[2025-08-30 06:11:48] INFO: Jobs system initialized with 10 job types
[2025-08-30 06:11:48] INFO: Property System initialized with sample houses, rentals, and businesses
[2025-08-30 06:11:48] INFO: Help & Documentation System initialized with 12 categories
[2025-08-30 06:11:48] Gamemode 'AMB Roleplay Server' started.
[2025-08-30 06:11:48] Authorized serial account protection is enabled for the ACL group(s): `Admin`  See http://multitheftauto.com/authserial
[2025-08-30 06:11:48] Server started and is ready to accept connections!
[2025-08-30 06:11:48] To stop the server, type 'shutdown' or press Ctrl-C
[2025-08-30 06:11:48] Type 'help' for a list of commands.
[2025-08-30 06:11:48] WARNING: amb\includes\core\database.lua:60: dbExec failed; (1293) Incorrect table definition; there can be only one TIMESTAMP column with CURRENT_TIMESTAMP in DEFAULT or ON UPDATE clause
[2025-08-30 06:11:49] Querying MTA master server... success! (Auto detected IP:171.225.194.81)
[2025-08-30 06:11:49] INFO: [AMB] Commands system initialized with 51 commands
[2025-08-30 06:11:50] INFO: [MODELS] 🚀 Starting auto model loading system...
[2025-08-30 06:11:50] INFO: [MODELS] Auto-scanning Vehicle folder for custom models...
[2025-08-30 06:11:50] INFO: [MODELS] Found vehicle pair: lambor.dff/lambor.txd
[2025-08-30 06:11:50] INFO: [MODELS] Found vehicle pair: m6.dff/m6.txd
[2025-08-30 06:11:50] INFO: [MODELS] Found vehicle pair: alpha.dff/alpha.txd
[2025-08-30 06:11:50] INFO: [MODELS] Loading custom skin models for MTA...
[2025-08-30 06:11:50] INFO: [MODELS] Loading custom object models for MTA...
[2025-08-30 06:11:50] INFO: [MODELS] ✅ Auto-loading complete:
[2025-08-30 06:11:50] INFO: [MODELS] 🚗 Vehicles: 3 loaded, 0 failed
[2025-08-30 06:11:50] INFO: [MODELS] 👤 Skins: 21 loaded, 0 failed
[2025-08-30 06:11:50] INFO: [MODELS] 📦 Objects: 4 loaded, 0 failed
[2025-08-30 06:11:50] INFO: [MODELS] 🎯 Total: 28 models loaded successfully
[2025-08-30 06:11:52] CONNECT: Sei connected (IP: 26.179.169.5  Serial: A26A0A50AD574D2E3EA52458BAF024F3  Version: 1.6.0-9.23324.0)
[2025-08-30 06:11:53] JOIN: Sei joined the game (IP: 26.179.169.5)
[2025-08-30 06:11:59] INFO: ✅ [LOGIN] Player Sei logged in successfully
[2025-08-30 06:11:59] ERROR: amb\includes\core\player\login.lua:21: attempt to index global 'row' (a nil value)
[2025-08-30 06:12:05] INFO: ✅ [LOGIN] Player Sei logged in successfully
[2025-08-30 06:12:05] ERROR: amb\includes\core\player\login.lua:21: attempt to index global 'row' (a nil value)
[2025-08-30 06:12:20] Server stopped!
[2025-08-30 06:12:20] Stopping resources.....
[2025-08-30 06:12:20] AMB MTA:SA v1.1.2-production stopped
[2025-08-30 06:12:20] Closing SQLite3 database
==================================================================
= Multi Theft Auto: San Andreas v1.6
==================================================================
= Server name      : AMB Vietnamese Roleplay [MTA]
= Server IP address: auto
= Server port      : 22003
= 
= Log file         : ..-MTA/server/mods/deathmatch/logs/server.log
= Maximum players  : 32
= HTTP port        : 22005
= Voice Chat       : Disabled
= Bandwidth saving : Medium
==================================================================
[2025-08-30 06:15:11] Resource 'runcode' requests some acl rights. Use the command 'aclrequest list runcode'
[2025-08-30 06:15:11] Resources: 19 loaded, 0 failed
[2025-08-30 06:15:12] Starting resources...
[2025-08-30 06:15:12] Server minclientversion is now 1.6.0-9.23324.0
[2025-08-30 06:15:12] INFO: === AMB ROLEPLAY SERVER v1.1.2-production ===
[2025-08-30 06:15:12] INFO: 🎮 Complete SA-MP to MTA migration (1,182 commands)
[2025-08-30 06:15:12] INFO: ✨ Enhanced with modern client-side features:
[2025-08-30 06:15:12] INFO:    📊 Enhanced Scoreboard (TAB)
[2025-08-30 06:15:12] INFO:    🚗 Professional Speedometer & Fuel System
[2025-08-30 06:15:12] INFO:    🎤 Voice Chat System (Local/Global)
[2025-08-30 06:15:12] INFO:    🗺️ GPS Navigation (50+ locations)
[2025-08-30 06:15:12] INFO: 🏁 Production-ready for Vietnamese Roleplay
[2025-08-30 06:15:12] INFO: ==============================================
[2025-08-30 06:15:12] INFO: AMB MTA:SA v1.1.2-production started - 1182 commands ready
[2025-08-30 06:15:12] INFO: 🔧 Functions loaded
[2025-08-30 06:15:12] INFO: 📝 Defines loaded
[2025-08-30 06:15:12] INFO: [MODELS] MTA Auto Model Loading System loaded
[2025-08-30 06:15:12] INFO: [AMB] Admin Commands loaded successfully!
[2025-08-30 06:15:12] INFO: [ADMIN] Vehicle admin commands loaded (/veh, /deleteveh, /listveh, /deleteallveh)
[2025-08-30 06:15:12] [ADMIN] Admin Commands System loaded successfully!
[2025-08-30 06:15:12] INFO: [AMB] Police System loaded successfully!
[2025-08-30 06:15:12] INFO: [AMB] Family System loaded successfully!
[2025-08-30 06:15:12] INFO: [AMB] Jobs System loaded successfully!
[2025-08-30 06:15:12] INFO: Crate System loaded: crates, destroycrate, adestroycrate, gotocrate, cargo, delivercrate, loadcrate, unloadcrate
[2025-08-30 06:15:12] INFO: Events System loaded: zombie, chance gambler, health/armor commands
[2025-08-30 06:15:12] INFO: Property System loaded: house buying, rentals, businesses, mail system
[2025-08-30 06:15:12] INFO: Activities System loaded: swimming, boxing, parkour, flying, duties, games, vehicle search
[2025-08-30 06:15:12] INFO: Loading Arena & Turf System...
[2025-08-30 06:15:12] INFO: Arena System loaded: joinarena, leavearena, createarena, startarena, arena, turf, startturf, turfinfo
[2025-08-30 06:15:12] INFO: Turf System loaded: turf wars, gang zones, territory control
[2025-08-30 06:15:12] INFO: Communication & Phone System loaded: calls, SMS, contacts, privacy, plans, 911
[2025-08-30 06:15:12] INFO: Admin & Moderation System loaded: suspend, ban, fine, weapons, vehicles, health, announcements
[2025-08-30 06:15:12] INFO: VIP & Gift System loaded: VIP levels, gift boxes, shop orders, gift codes, VIP chat
[2025-08-30 06:15:12] INFO: Banking & Business System loaded: ATM, accounts, transfers, businesses, tokens, interest
[2025-08-30 06:15:12] INFO: Shop & Services System loaded: clothing, toys, rentals, healthcare, credits, music, help
[2025-08-30 06:15:12] INFO: Help & Documentation System loaded: complete help for all 1,182 migrated commands
[2025-08-30 06:15:12] INFO: [VOICE] Voice chat server support loaded
[2025-08-30 06:15:12] INFO: [CHAT] Chat control system loaded - blocking chat for non-logged players
[2025-08-30 06:15:12] INFO: [GPS] GPS server support loaded with 21 default locations
[2025-08-30 06:15:12] INFO: [VEHICLE] Vehicle system loaded with fuel management
[2025-08-30 06:15:12] AMB MTA:SA v1.0.0-production started - 1182 commands ready
[2025-08-30 06:15:12] INFO: [AMB] Debug mode enabled
[2025-08-30 06:15:12] INFO: [AMB] Loading custom models...
[2025-08-30 06:15:12] INFO: [DATABASE] Initializing connection...
[2025-08-30 06:15:12] INFO: [DATABASE] ✅ Connected to amb@localhost
[2025-08-30 06:15:12] INFO: Created police team: LSPD
[2025-08-30 06:15:12] INFO: Created police team: SFPD
[2025-08-30 06:15:12] INFO: Created police team: LVPD
[2025-08-30 06:15:12] INFO: Created family team: Aztecas
[2025-08-30 06:15:12] INFO: Created family team: Vagos
[2025-08-30 06:15:12] INFO: Created family team: Grove Street
[2025-08-30 06:15:12] INFO: Created family team: Ballas
[2025-08-30 06:15:12] INFO: Jobs system initialized with 10 job types
[2025-08-30 06:15:12] INFO: Property System initialized with sample houses, rentals, and businesses
[2025-08-30 06:15:12] INFO: Help & Documentation System initialized with 12 categories
[2025-08-30 06:15:12] Gamemode 'AMB Roleplay Server' started.
[2025-08-30 06:15:12] Authorized serial account protection is enabled for the ACL group(s): `Admin`  See http://multitheftauto.com/authserial
[2025-08-30 06:15:12] Server started and is ready to accept connections!
[2025-08-30 06:15:12] To stop the server, type 'shutdown' or press Ctrl-C
[2025-08-30 06:15:12] Type 'help' for a list of commands.
[2025-08-30 06:15:12] WARNING: amb\includes\core\database.lua:60: dbExec failed; (1293) Incorrect table definition; there can be only one TIMESTAMP column with CURRENT_TIMESTAMP in DEFAULT or ON UPDATE clause
[2025-08-30 06:15:13] Querying MTA master server... success! (Auto detected IP:171.225.194.81)
[2025-08-30 06:15:13] INFO: [AMB] Commands system initialized with 51 commands
[2025-08-30 06:15:14] CONNECT: Sei connected (IP: 26.179.169.5  Serial: A26A0A50AD574D2E3EA52458BAF024F3  Version: 1.6.0-9.23324.0)
[2025-08-30 06:15:14] JOIN: Sei joined the game (IP: 26.179.169.5)
[2025-08-30 06:15:14] INFO: [MODELS] 🚀 Starting auto model loading system...
[2025-08-30 06:15:14] INFO: [MODELS] Auto-scanning Vehicle folder for custom models...
[2025-08-30 06:15:14] INFO: [MODELS] Found vehicle pair: lambor.dff/lambor.txd
[2025-08-30 06:15:14] INFO: [MODELS] Found vehicle pair: m6.dff/m6.txd
[2025-08-30 06:15:14] INFO: [MODELS] Found vehicle pair: alpha.dff/alpha.txd
[2025-08-30 06:15:14] INFO: [MODELS] Loading custom skin models for MTA...
[2025-08-30 06:15:14] INFO: [MODELS] Loading custom object models for MTA...
[2025-08-30 06:15:14] INFO: [MODELS] ✅ Auto-loading complete:
[2025-08-30 06:15:14] INFO: [MODELS] 🚗 Vehicles: 3 loaded, 0 failed
[2025-08-30 06:15:14] INFO: [MODELS] 👤 Skins: 21 loaded, 0 failed
[2025-08-30 06:15:14] INFO: [MODELS] 📦 Objects: 4 loaded, 0 failed
[2025-08-30 06:15:14] INFO: [MODELS] 🎯 Total: 28 models loaded successfully
[2025-08-30 06:15:19] INFO: ✅ [LOGIN] Player Sei logged in successfully
[2025-08-30 06:15:19] INFO: ✅ [SPAWN] Player Sei spawned at 1642.9000244141, -2237.6000976562, 13.5
[2025-08-30 06:15:19] INFO: 🎮 You have been spawned. Welcome to AMB Roleplay!
[2025-08-30 06:15:25] INFO: ✅ [LOGIN] Player Sei logged in successfully
[2025-08-30 06:15:25] INFO: ✅ [SPAWN] Player Sei spawned at 1642.9000244141, -2237.6000976562, 13.5
[2025-08-30 06:15:25] INFO: 🎮 You have been spawned. Welcome to AMB Roleplay!
[2025-08-30 06:16:38] Server stopped!
[2025-08-30 06:16:38] Stopping resources.....
[2025-08-30 06:16:38] AMB MTA:SA v1.1.2-production stopped
[2025-08-30 06:16:38] Closing SQLite3 database
==================================================================
= Multi Theft Auto: San Andreas v1.6
==================================================================
= Server name      : AMB Vietnamese Roleplay [MTA]
= Server IP address: auto
= Server port      : 22003
= 
= Log file         : ..-MTA/server/mods/deathmatch/logs/server.log
= Maximum players  : 32
= HTTP port        : 22005
= Voice Chat       : Disabled
= Bandwidth saving : Medium
==================================================================
[2025-08-30 06:17:08] Resource 'runcode' requests some acl rights. Use the command 'aclrequest list runcode'
[2025-08-30 06:17:08] Resources: 19 loaded, 0 failed
[2025-08-30 06:17:08] Starting resources...
[2025-08-30 06:17:08] Server minclientversion is now 1.6.0-9.23324.0
[2025-08-30 06:17:09] INFO: === AMB ROLEPLAY SERVER v1.1.2-production ===
[2025-08-30 06:17:09] INFO: 🎮 Complete SA-MP to MTA migration (1,182 commands)
[2025-08-30 06:17:09] INFO: ✨ Enhanced with modern client-side features:
[2025-08-30 06:17:09] INFO:    📊 Enhanced Scoreboard (TAB)
[2025-08-30 06:17:09] INFO:    🚗 Professional Speedometer & Fuel System
[2025-08-30 06:17:09] INFO:    🎤 Voice Chat System (Local/Global)
[2025-08-30 06:17:09] INFO:    🗺️ GPS Navigation (50+ locations)
[2025-08-30 06:17:09] INFO: 🏁 Production-ready for Vietnamese Roleplay
[2025-08-30 06:17:09] INFO: ==============================================
[2025-08-30 06:17:09] INFO: AMB MTA:SA v1.1.2-production started - 1182 commands ready
[2025-08-30 06:17:09] INFO: 🔧 Functions loaded
[2025-08-30 06:17:09] INFO: 📝 Defines loaded
[2025-08-30 06:17:09] INFO: [MODELS] MTA Auto Model Loading System loaded
[2025-08-30 06:17:09] INFO: [AMB] Admin Commands loaded successfully!
[2025-08-30 06:17:09] INFO: [ADMIN] Vehicle admin commands loaded (/veh, /deleteveh, /listveh, /deleteallveh)
[2025-08-30 06:17:09] [ADMIN] Admin Commands System loaded successfully!
[2025-08-30 06:17:09] INFO: [AMB] Police System loaded successfully!
[2025-08-30 06:17:09] INFO: [AMB] Family System loaded successfully!
[2025-08-30 06:17:09] INFO: [AMB] Jobs System loaded successfully!
[2025-08-30 06:17:09] INFO: Crate System loaded: crates, destroycrate, adestroycrate, gotocrate, cargo, delivercrate, loadcrate, unloadcrate
[2025-08-30 06:17:09] INFO: Events System loaded: zombie, chance gambler, health/armor commands
[2025-08-30 06:17:09] INFO: Property System loaded: house buying, rentals, businesses, mail system
[2025-08-30 06:17:09] INFO: Activities System loaded: swimming, boxing, parkour, flying, duties, games, vehicle search
[2025-08-30 06:17:09] INFO: Loading Arena & Turf System...
[2025-08-30 06:17:09] INFO: Arena System loaded: joinarena, leavearena, createarena, startarena, arena, turf, startturf, turfinfo
[2025-08-30 06:17:09] INFO: Turf System loaded: turf wars, gang zones, territory control
[2025-08-30 06:17:09] INFO: Communication & Phone System loaded: calls, SMS, contacts, privacy, plans, 911
[2025-08-30 06:17:09] INFO: Admin & Moderation System loaded: suspend, ban, fine, weapons, vehicles, health, announcements
[2025-08-30 06:17:09] INFO: VIP & Gift System loaded: VIP levels, gift boxes, shop orders, gift codes, VIP chat
[2025-08-30 06:17:09] INFO: Banking & Business System loaded: ATM, accounts, transfers, businesses, tokens, interest
[2025-08-30 06:17:09] INFO: Shop & Services System loaded: clothing, toys, rentals, healthcare, credits, music, help
[2025-08-30 06:17:09] INFO: Help & Documentation System loaded: complete help for all 1,182 migrated commands
[2025-08-30 06:17:09] INFO: [VOICE] Voice chat server support loaded
[2025-08-30 06:17:09] INFO: [CHAT] Chat control system loaded - blocking chat for non-logged players
[2025-08-30 06:17:09] INFO: [GPS] GPS server support loaded with 21 default locations
[2025-08-30 06:17:09] INFO: [VEHICLE] Vehicle system loaded with fuel management
[2025-08-30 06:17:09] AMB MTA:SA v1.0.0-production started - 1182 commands ready
[2025-08-30 06:17:09] INFO: [AMB] Debug mode enabled
[2025-08-30 06:17:09] INFO: [AMB] Loading custom models...
[2025-08-30 06:17:09] INFO: [DATABASE] Initializing connection...
[2025-08-30 06:17:09] INFO: [DATABASE] ✅ Connected to amb@localhost
[2025-08-30 06:17:09] INFO: Created police team: LSPD
[2025-08-30 06:17:09] INFO: Created police team: SFPD
[2025-08-30 06:17:09] INFO: Created police team: LVPD
[2025-08-30 06:17:09] INFO: Created family team: Aztecas
[2025-08-30 06:17:09] INFO: Created family team: Vagos
[2025-08-30 06:17:09] INFO: Created family team: Grove Street
[2025-08-30 06:17:09] INFO: Created family team: Ballas
[2025-08-30 06:17:09] INFO: Jobs system initialized with 10 job types
[2025-08-30 06:17:09] INFO: Property System initialized with sample houses, rentals, and businesses
[2025-08-30 06:17:09] INFO: Help & Documentation System initialized with 12 categories
[2025-08-30 06:17:09] Gamemode 'AMB Roleplay Server' started.
[2025-08-30 06:17:09] Authorized serial account protection is enabled for the ACL group(s): `Admin`  See http://multitheftauto.com/authserial
[2025-08-30 06:17:09] Server started and is ready to accept connections!
[2025-08-30 06:17:09] To stop the server, type 'shutdown' or press Ctrl-C
[2025-08-30 06:17:09] Type 'help' for a list of commands.
[2025-08-30 06:17:09] WARNING: amb\includes\core\database.lua:60: dbExec failed; (1293) Incorrect table definition; there can be only one TIMESTAMP column with CURRENT_TIMESTAMP in DEFAULT or ON UPDATE clause
[2025-08-30 06:17:10] Querying MTA master server... success! (Auto detected IP:171.225.194.81)
[2025-08-30 06:17:10] INFO: [AMB] Commands system initialized with 51 commands
[2025-08-30 06:17:11] INFO: [MODELS] 🚀 Starting auto model loading system...
[2025-08-30 06:17:11] INFO: [MODELS] Auto-scanning Vehicle folder for custom models...
[2025-08-30 06:17:11] INFO: [MODELS] Found vehicle pair: lambor.dff/lambor.txd
[2025-08-30 06:17:11] INFO: [MODELS] Found vehicle pair: m6.dff/m6.txd
[2025-08-30 06:17:11] INFO: [MODELS] Found vehicle pair: alpha.dff/alpha.txd
[2025-08-30 06:17:11] INFO: [MODELS] Loading custom skin models for MTA...
[2025-08-30 06:17:11] INFO: [MODELS] Loading custom object models for MTA...
[2025-08-30 06:17:11] INFO: [MODELS] ✅ Auto-loading complete:
[2025-08-30 06:17:11] INFO: [MODELS] 🚗 Vehicles: 3 loaded, 0 failed
[2025-08-30 06:17:11] INFO: [MODELS] 👤 Skins: 21 loaded, 0 failed
[2025-08-30 06:17:11] INFO: [MODELS] 📦 Objects: 4 loaded, 0 failed
[2025-08-30 06:17:11] INFO: [MODELS] 🎯 Total: 28 models loaded successfully
[2025-08-30 06:17:13] CONNECT: Sei connected (IP: 26.179.169.5  Serial: A26A0A50AD574D2E3EA52458BAF024F3  Version: 1.6.0-9.23324.0)
[2025-08-30 06:17:14] JOIN: Sei joined the game (IP: 26.179.169.5)
[2025-08-30 06:17:20] INFO: ✅ [LOGIN] Player Sei logged in successfully
[2025-08-30 06:17:20] INFO: ✅ [SPAWN] Player Sei spawned at 1642.9000244141, -2237.6000976562, 13.5
[2025-08-30 06:17:20] INFO: 🎮 You have been spawned. Welcome to AMB Roleplay!
[2025-08-30 06:17:26] INFO: ✅ [LOGIN] Player Sei logged in successfully
[2025-08-30 06:17:26] INFO: ✅ [SPAWN] Player Sei spawned at 1642.9000244141, -2237.6000976562, 13.5
[2025-08-30 06:17:26] INFO: 🎮 You have been spawned. Welcome to AMB Roleplay!
[2025-08-30 06:17:31] INFO: [ADMIN] /cv command triggered by Sei
[2025-08-30 06:17:31] INFO: [ADMIN] Player Sei has adminLevel: 99999, required: 2
[2025-08-30 06:17:31] INFO: [ADMIN] GOD level detected - granting access
[2025-08-30 06:17:31] INFO: [ADMIN] /cv creating Custom vehicle 30001 for Sei
[2025-08-30 06:17:31] INFO: [ADMIN] Custom vehicle 30001 mapped to base ID 411
[2025-08-30 06:17:31] ERROR: amb\includes\core\admin\commands.lua:278: attempt to concatenate a boolean value
[2025-08-30 06:20:22] Server stopped!
[2025-08-30 06:20:22] Stopping resources.....
[2025-08-30 06:20:22] AMB MTA:SA v1.1.2-production stopped
[2025-08-30 06:20:22] Closing SQLite3 database
==================================================================
= Multi Theft Auto: San Andreas v1.6
==================================================================
= Server name      : AMB Vietnamese Roleplay [MTA]
= Server IP address: auto
= Server port      : 22003
= 
= Log file         : ..-MTA/server/mods/deathmatch/logs/server.log
= Maximum players  : 32
= HTTP port        : 22005
= Voice Chat       : Disabled
= Bandwidth saving : Medium
==================================================================
[2025-08-30 06:23:02] Resource 'runcode' requests some acl rights. Use the command 'aclrequest list runcode'
[2025-08-30 06:23:02] Resources: 19 loaded, 0 failed
[2025-08-30 06:23:02] Starting resources...
[2025-08-30 06:23:02] Server minclientversion is now 1.6.0-9.23324.0
[2025-08-30 06:23:02] INFO: === AMB ROLEPLAY SERVER v1.1.2-production ===
[2025-08-30 06:23:02] INFO: 🎮 Complete SA-MP to MTA migration (1,182 commands)
[2025-08-30 06:23:02] INFO: ✨ Enhanced with modern client-side features:
[2025-08-30 06:23:02] INFO:    📊 Enhanced Scoreboard (TAB)
[2025-08-30 06:23:02] INFO:    🚗 Professional Speedometer & Fuel System
[2025-08-30 06:23:02] INFO:    🎤 Voice Chat System (Local/Global)
[2025-08-30 06:23:02] INFO:    🗺️ GPS Navigation (50+ locations)
[2025-08-30 06:23:02] INFO: 🏁 Production-ready for Vietnamese Roleplay
[2025-08-30 06:23:02] INFO: ==============================================
[2025-08-30 06:23:02] INFO: AMB MTA:SA v1.1.2-production started - 1182 commands ready
[2025-08-30 06:23:02] INFO: 🔧 Functions loaded
[2025-08-30 06:23:02] INFO: 📝 Defines loaded
[2025-08-30 06:23:02] INFO: [MODELS] MTA Auto Model Loading System loaded
[2025-08-30 06:23:02] INFO: [AMB] Admin Commands loaded successfully!
[2025-08-30 06:23:02] INFO: [ADMIN] Vehicle admin commands loaded (/veh, /deleteveh, /listveh, /deleteallveh)
[2025-08-30 06:23:02] [ADMIN] Admin Commands System loaded successfully!
[2025-08-30 06:23:02] INFO: [AMB] Police System loaded successfully!
[2025-08-30 06:23:02] INFO: [AMB] Family System loaded successfully!
[2025-08-30 06:23:02] INFO: [AMB] Jobs System loaded successfully!
[2025-08-30 06:23:02] INFO: Crate System loaded: crates, destroycrate, adestroycrate, gotocrate, cargo, delivercrate, loadcrate, unloadcrate
[2025-08-30 06:23:02] INFO: Events System loaded: zombie, chance gambler, health/armor commands
[2025-08-30 06:23:02] INFO: Property System loaded: house buying, rentals, businesses, mail system
[2025-08-30 06:23:02] INFO: Activities System loaded: swimming, boxing, parkour, flying, duties, games, vehicle search
[2025-08-30 06:23:02] INFO: Loading Arena & Turf System...
[2025-08-30 06:23:02] INFO: Arena System loaded: joinarena, leavearena, createarena, startarena, arena, turf, startturf, turfinfo
[2025-08-30 06:23:02] INFO: Turf System loaded: turf wars, gang zones, territory control
[2025-08-30 06:23:02] INFO: Communication & Phone System loaded: calls, SMS, contacts, privacy, plans, 911
[2025-08-30 06:23:02] INFO: Admin & Moderation System loaded: suspend, ban, fine, weapons, vehicles, health, announcements
[2025-08-30 06:23:02] INFO: VIP & Gift System loaded: VIP levels, gift boxes, shop orders, gift codes, VIP chat
[2025-08-30 06:23:02] INFO: Banking & Business System loaded: ATM, accounts, transfers, businesses, tokens, interest
[2025-08-30 06:23:02] INFO: Shop & Services System loaded: clothing, toys, rentals, healthcare, credits, music, help
[2025-08-30 06:23:02] INFO: Help & Documentation System loaded: complete help for all 1,182 migrated commands
[2025-08-30 06:23:02] INFO: [VOICE] Voice chat server support loaded
[2025-08-30 06:23:02] INFO: [CHAT] Chat control system loaded - blocking chat for non-logged players
[2025-08-30 06:23:02] INFO: [GPS] GPS server support loaded with 21 default locations
[2025-08-30 06:23:02] INFO: [VEHICLE] Vehicle system loaded with fuel management
[2025-08-30 06:23:02] AMB MTA:SA v1.0.0-production started - 1182 commands ready
[2025-08-30 06:23:02] INFO: [AMB] Debug mode enabled
[2025-08-30 06:23:02] INFO: [AMB] Loading custom models...
[2025-08-30 06:23:02] INFO: [DATABASE] Initializing connection...
[2025-08-30 06:23:02] INFO: [DATABASE] ✅ Connected to amb@localhost
[2025-08-30 06:23:02] INFO: Created police team: LSPD
[2025-08-30 06:23:02] INFO: Created police team: SFPD
[2025-08-30 06:23:02] INFO: Created police team: LVPD
[2025-08-30 06:23:02] INFO: Created family team: Aztecas
[2025-08-30 06:23:02] INFO: Created family team: Vagos
[2025-08-30 06:23:02] INFO: Created family team: Grove Street
[2025-08-30 06:23:02] INFO: Created family team: Ballas
[2025-08-30 06:23:02] INFO: Jobs system initialized with 10 job types
[2025-08-30 06:23:02] INFO: Property System initialized with sample houses, rentals, and businesses
[2025-08-30 06:23:02] INFO: Help & Documentation System initialized with 12 categories
[2025-08-30 06:23:02] Gamemode 'AMB Roleplay Server' started.
[2025-08-30 06:23:02] Authorized serial account protection is enabled for the ACL group(s): `Admin`  See http://multitheftauto.com/authserial
[2025-08-30 06:23:02] Server started and is ready to accept connections!
[2025-08-30 06:23:02] To stop the server, type 'shutdown' or press Ctrl-C
[2025-08-30 06:23:02] Type 'help' for a list of commands.
[2025-08-30 06:23:02] WARNING: amb\includes\core\database.lua:60: dbExec failed; (1293) Incorrect table definition; there can be only one TIMESTAMP column with CURRENT_TIMESTAMP in DEFAULT or ON UPDATE clause
[2025-08-30 06:23:03] Querying MTA master server... success! (Auto detected IP:171.225.194.81)
[2025-08-30 06:23:03] INFO: [AMB] Commands system initialized with 51 commands
[2025-08-30 06:23:04] INFO: [MODELS] 🚀 Starting auto model loading system...
[2025-08-30 06:23:04] INFO: [MODELS] Auto-scanning Vehicle folder for custom models...
[2025-08-30 06:23:04] INFO: [MODELS] Found vehicle pair: lambor.dff/lambor.txd
[2025-08-30 06:23:04] INFO: [MODELS] Found vehicle pair: m6.dff/m6.txd
[2025-08-30 06:23:04] INFO: [MODELS] Found vehicle pair: alpha.dff/alpha.txd
[2025-08-30 06:23:04] INFO: [MODELS] Loading custom skin models for MTA...
[2025-08-30 06:23:04] INFO: [MODELS] Loading custom object models for MTA...
[2025-08-30 06:23:04] INFO: [MODELS] ✅ Auto-loading complete:
[2025-08-30 06:23:04] INFO: [MODELS] 🚗 Vehicles: 3 loaded, 0 failed
[2025-08-30 06:23:04] INFO: [MODELS] 👤 Skins: 21 loaded, 0 failed
[2025-08-30 06:23:04] INFO: [MODELS] 📦 Objects: 4 loaded, 0 failed
[2025-08-30 06:23:04] INFO: [MODELS] 🎯 Total: 28 models loaded successfully
[2025-08-30 06:23:12] CONNECT: Sei connected (IP: 26.179.169.5  Serial: A26A0A50AD574D2E3EA52458BAF024F3  Version: 1.6.0-9.23324.0)
[2025-08-30 06:23:12] JOIN: Sei joined the game (IP: 26.179.169.5)
[2025-08-30 06:23:19] INFO: ✅ [LOGIN] Player Sei logged in successfully
[2025-08-30 06:23:19] INFO: ✅ [SPAWN] Player Sei spawned at 1642.9000244141, -2237.6000976562, 13.5
[2025-08-30 06:23:19] INFO: 🎮 You have been spawned. Welcome to AMB Roleplay!
[2025-08-30 06:23:25] INFO: ✅ [LOGIN] Player Sei logged in successfully
[2025-08-30 06:23:25] INFO: ✅ [SPAWN] Player Sei spawned at 1642.9000244141, -2237.6000976562, 13.5
[2025-08-30 06:23:25] INFO: 🎮 You have been spawned. Welcome to AMB Roleplay!
[2025-08-30 06:23:28] INFO: [ADMIN] /cv command triggered by Sei
[2025-08-30 06:23:28] INFO: [ADMIN] Player Sei has adminLevel: 99999, required: 2
[2025-08-30 06:23:28] INFO: [ADMIN] GOD level detected - granting access
[2025-08-30 06:23:28] INFO: [ADMIN] /cv creating Custom vehicle 30001 for Sei
[2025-08-30 06:23:28] INFO: [ADMIN] Custom vehicle 30001 mapped to base ID 411
[2025-08-30 06:23:28] INFO: [ADMIN] Sei created Custom vehicle 30001 successfully
[2025-08-30 06:28:04] INFO: [MODELS] 🕐 Auto-checking for new models...
[2025-08-30 06:32:58] INFO: [ADMIN] /cv command triggered by Sei
[2025-08-30 06:32:58] INFO: [ADMIN] Player Sei has adminLevel: 99999, required: 2
[2025-08-30 06:32:58] INFO: [ADMIN] GOD level detected - granting access
[2025-08-30 06:32:58] INFO: [ADMIN] /cv creating Custom vehicle 30002 for Sei
[2025-08-30 06:32:58] INFO: [ADMIN] Custom vehicle 30002 mapped to base ID 412
[2025-08-30 06:32:58] INFO: [ADMIN] Sei created Custom vehicle 30002 successfully
[2025-08-30 06:33:04] INFO: [MODELS] 🕐 Auto-checking for new models...
[2025-08-30 06:34:15] Server stopped!
[2025-08-30 06:34:15] Stopping resources.....
[2025-08-30 06:34:15] AMB MTA:SA v1.1.2-production stopped
[2025-08-30 06:34:15] Closing SQLite3 database
==================================================================
= Multi Theft Auto: San Andreas v1.6
==================================================================
= Server name      : AMB Vietnamese Roleplay [MTA]
= Server IP address: auto
= Server port      : 22003
= 
= Log file         : ..-MTA/server/mods/deathmatch/logs/server.log
= Maximum players  : 32
= HTTP port        : 22005
= Voice Chat       : Disabled
= Bandwidth saving : Medium
==================================================================
[2025-08-30 06:42:18] Resource 'runcode' requests some acl rights. Use the command 'aclrequest list runcode'
[2025-08-30 06:42:18] Resources: 19 loaded, 0 failed
[2025-08-30 06:42:18] Starting resources...
[2025-08-30 06:42:18] Server minclientversion is now 1.6.0-9.23324.0
[2025-08-30 06:42:18] INFO: === AMB ROLEPLAY SERVER v1.1.2-production ===
[2025-08-30 06:42:19] INFO: 🎮 Complete SA-MP to MTA migration (1,182 commands)
[2025-08-30 06:42:19] INFO: ✨ Enhanced with modern client-side features:
[2025-08-30 06:42:19] INFO:    📊 Enhanced Scoreboard (TAB)
[2025-08-30 06:42:19] INFO:    🚗 Professional Speedometer & Fuel System
[2025-08-30 06:42:19] INFO:    🎤 Voice Chat System (Local/Global)
[2025-08-30 06:42:19] INFO:    🗺️ GPS Navigation (50+ locations)
[2025-08-30 06:42:19] INFO: 🏁 Production-ready for Vietnamese Roleplay
[2025-08-30 06:42:19] INFO: ==============================================
[2025-08-30 06:42:19] INFO: AMB MTA:SA v1.1.2-production started - 1182 commands ready
[2025-08-30 06:42:19] INFO: 🔧 Functions loaded
[2025-08-30 06:42:19] INFO: 📝 Defines loaded
[2025-08-30 06:42:19] INFO: [MODELS] MTA Auto Model Loading System loaded
[2025-08-30 06:42:19] INFO: [AMB] Admin Commands loaded successfully!
[2025-08-30 06:42:19] INFO: [ADMIN] Vehicle admin commands loaded (/veh, /deleteveh, /listveh, /deleteallveh)
[2025-08-30 06:42:19] [ADMIN] Admin Commands System loaded successfully!
[2025-08-30 06:42:19] INFO: [AMB] Police System loaded successfully!
[2025-08-30 06:42:19] INFO: [AMB] Family System loaded successfully!
[2025-08-30 06:42:19] INFO: [AMB] Jobs System loaded successfully!
[2025-08-30 06:42:19] INFO: Crate System loaded: crates, destroycrate, adestroycrate, gotocrate, cargo, delivercrate, loadcrate, unloadcrate
[2025-08-30 06:42:19] INFO: Events System loaded: zombie, chance gambler, health/armor commands
[2025-08-30 06:42:19] INFO: Property System loaded: house buying, rentals, businesses, mail system
[2025-08-30 06:42:19] INFO: Activities System loaded: swimming, boxing, parkour, flying, duties, games, vehicle search
[2025-08-30 06:42:19] INFO: Loading Arena & Turf System...
[2025-08-30 06:42:19] INFO: Arena System loaded: joinarena, leavearena, createarena, startarena, arena, turf, startturf, turfinfo
[2025-08-30 06:42:19] INFO: Turf System loaded: turf wars, gang zones, territory control
[2025-08-30 06:42:19] INFO: Communication & Phone System loaded: calls, SMS, contacts, privacy, plans, 911
[2025-08-30 06:42:19] INFO: Admin & Moderation System loaded: suspend, ban, fine, weapons, vehicles, health, announcements
[2025-08-30 06:42:19] INFO: VIP & Gift System loaded: VIP levels, gift boxes, shop orders, gift codes, VIP chat
[2025-08-30 06:42:19] INFO: Banking & Business System loaded: ATM, accounts, transfers, businesses, tokens, interest
[2025-08-30 06:42:19] INFO: Shop & Services System loaded: clothing, toys, rentals, healthcare, credits, music, help
[2025-08-30 06:42:19] INFO: Help & Documentation System loaded: complete help for all 1,182 migrated commands
[2025-08-30 06:42:19] INFO: [VOICE] Voice chat server support loaded
[2025-08-30 06:42:19] INFO: [CHAT] Chat control system loaded - blocking chat for non-logged players
[2025-08-30 06:42:19] INFO: [GPS] GPS server support loaded with 21 default locations
[2025-08-30 06:42:19] INFO: [VEHICLE] Vehicle system loaded with fuel management
[2025-08-30 06:42:19] AMB MTA:SA v1.0.0-production started - 1182 commands ready
[2025-08-30 06:42:19] INFO: [AMB] Debug mode enabled
[2025-08-30 06:42:19] INFO: [AMB] Loading custom models...
[2025-08-30 06:42:19] INFO: [DATABASE] Initializing connection...
[2025-08-30 06:42:19] INFO: [DATABASE] ✅ Connected to amb@localhost
[2025-08-30 06:42:19] INFO: Created police team: LSPD
[2025-08-30 06:42:19] INFO: Created police team: SFPD
[2025-08-30 06:42:19] INFO: Created police team: LVPD
[2025-08-30 06:42:19] INFO: Created family team: Aztecas
[2025-08-30 06:42:19] INFO: Created family team: Vagos
[2025-08-30 06:42:19] INFO: Created family team: Grove Street
[2025-08-30 06:42:19] INFO: Created family team: Ballas
[2025-08-30 06:42:19] INFO: Jobs system initialized with 10 job types
[2025-08-30 06:42:19] INFO: Property System initialized with sample houses, rentals, and businesses
[2025-08-30 06:42:19] INFO: Help & Documentation System initialized with 12 categories
[2025-08-30 06:42:19] Gamemode 'AMB Roleplay Server' started.
[2025-08-30 06:42:19] Authorized serial account protection is enabled for the ACL group(s): `Admin`  See http://multitheftauto.com/authserial
[2025-08-30 06:42:19] Server started and is ready to accept connections!
[2025-08-30 06:42:19] To stop the server, type 'shutdown' or press Ctrl-C
[2025-08-30 06:42:19] Type 'help' for a list of commands.
[2025-08-30 06:42:19] WARNING: amb\includes\core\database.lua:60: dbExec failed; (1293) Incorrect table definition; there can be only one TIMESTAMP column with CURRENT_TIMESTAMP in DEFAULT or ON UPDATE clause
[2025-08-30 06:42:19] Querying MTA master server... success! (Auto detected IP:171.225.194.81)
[2025-08-30 06:42:20] INFO: [AMB] Commands system initialized with 51 commands
[2025-08-30 06:42:21] INFO: [MODELS] 🚀 Starting auto model loading system...
[2025-08-30 06:42:21] INFO: [MODELS] Auto-scanning Vehicle folder for custom models...
[2025-08-30 06:42:21] INFO: [MODELS] Found vehicle pair: lambor.dff/lambor.txd
[2025-08-30 06:42:21] INFO: [MODELS] Found vehicle pair: m6.dff/m6.txd
[2025-08-30 06:42:21] INFO: [MODELS] Found vehicle pair: alpha.dff/alpha.txd
[2025-08-30 06:42:21] INFO: [MODELS] Loading custom skin models for MTA...
[2025-08-30 06:42:21] INFO: [MODELS] Loading custom object models for MTA...
[2025-08-30 06:42:21] INFO: [MODELS] ✅ Auto-loading complete:
[2025-08-30 06:42:21] INFO: [MODELS] 🚗 Vehicles: 3 loaded, 0 failed
[2025-08-30 06:42:21] INFO: [MODELS] 👤 Skins: 21 loaded, 0 failed
[2025-08-30 06:42:21] INFO: [MODELS] 📦 Objects: 4 loaded, 0 failed
[2025-08-30 06:42:21] INFO: [MODELS] 🎯 Total: 28 models loaded successfully
[2025-08-30 06:42:27] CONNECT: Sei connected (IP: 26.179.169.5  Serial: A26A0A50AD574D2E3EA52458BAF024F3  Version: 1.6.0-9.23324.0)
[2025-08-30 06:42:27] JOIN: Sei joined the game (IP: 26.179.169.5)
[2025-08-30 06:42:33] INFO: ✅ [LOGIN] Player Sei logged in successfully
[2025-08-30 06:42:33] INFO: ✅ [SPAWN] Player Sei spawned at 1642.9000244141, -2237.6000976562, 13.5
[2025-08-30 06:42:33] INFO: 🎮 You have been spawned. Welcome to AMB Roleplay!
[2025-08-30 06:42:39] INFO: ✅ [LOGIN] Player Sei logged in successfully
[2025-08-30 06:42:39] INFO: ✅ [SPAWN] Player Sei spawned at 1642.9000244141, -2237.6000976562, 13.5
[2025-08-30 06:42:39] INFO: 🎮 You have been spawned. Welcome to AMB Roleplay!
[2025-08-30 06:42:40] INFO: [ADMIN] /cv command triggered by Sei
[2025-08-30 06:42:40] INFO: [ADMIN] Player Sei has adminLevel: 99999, required: 2
[2025-08-30 06:42:40] INFO: [ADMIN] GOD level detected - granting access
[2025-08-30 06:42:40] INFO: [ADMIN] /cv creating Custom vehicle 30001 for Sei
[2025-08-30 06:42:40] INFO: [ADMIN] Custom vehicle 30001 mapped to base ID 411
[2025-08-30 06:42:40] INFO: [ADMIN] Sei created Custom vehicle 30001 successfully
[2025-08-30 06:43:01] QUIT: Sei left the game [Quit] 
[2025-08-30 06:47:21] INFO: [MODELS] 🕐 Auto-checking for new models...
